<?xml version="1.0" encoding="utf-8"?><testsuites name="pytest tests"><testsuite name="pytest" errors="1" failures="0" skipped="0" tests="1" time="1.323" timestamp="2026-03-13T14:13:04.665062+00:00" hostname="Elliots-MacBook-Pro.local"><testcase classname="" name="sandbox.api.tests" time="0.000"><error message="collection failure">/opt/homebrew/Cellar/python@3.14/3.14.3_1/Frameworks/Python.framework/Versions/3.14/lib/python3.14/importlib/__init__.py:88: in import_module
    return _bootstrap._gcd_import(name[level:], package, level)
           ^^^^^^^^^^^^^^^^^^^^^^^^^^^^^^^^^^^^^^^^^^^^^^^^^^^^
&lt;frozen importlib._bootstrap&gt;:1398: in _gcd_import
    ???
&lt;frozen importlib._bootstrap&gt;:1371: in _find_and_load
    ???
&lt;frozen importlib._bootstrap&gt;:1342: in _find_and_load_unlocked
    ???
&lt;frozen importlib._bootstrap&gt;:938: in _load_unlocked
    ???
.venv/lib/python3.14/site-packages/_pytest/assertion/rewrite.py:186: in exec_module
    exec(co, module.__dict__)
sandbox/api/tests/conftest.py:3: in &lt;module&gt;
    from ..app import app
sandbox/api/app.py:4: in &lt;module&gt;
    from flask import Flask
E   ModuleNotFoundError: No module named 'flask'</error></testcase></testsuite></testsuites>